<?xml version="1.0" encoding="UTF-8"?>
<testng-results ignored="0" total="1" passed="1" failed="0" skipped="0">
  <reporter-output>
  </reporter-output>
  <suite started-at="2023-07-14T15:41:33 IST" name="Default suite" finished-at="2023-07-14T15:42:13 IST" duration-ms="39885">
    <groups>
    </groups>
    <test started-at="2023-07-14T15:41:33 IST" name="Default test" finished-at="2023-07-14T15:42:13 IST" duration-ms="39885">
      <class name="org.oOpenCart.AppTest">
        <test-method signature="launchURL()[pri:0, instance:org.oOpenCart.AppTest@56cdfb3b]" started-at="2023-07-14T15:41:33 IST" name="launchURL" finished-at="2023-07-14T15:42:13 IST" duration-ms="39773" status="PASS">
          <reporter-output>
          </reporter-output>
        </test-method> <!-- launchURL -->
      </class> <!-- org.oOpenCart.AppTest -->
    </test> <!-- Default test -->
  </suite> <!-- Default suite -->
</testng-results>
